<?xml version="1.0" encoding="UTF-8"?>
<!-- Generated by org.testng.reporters.JUnitReportReporter -->
<testsuite skipped="0" hostname="hp" name="Academy.base" tests="1" failures="0" timestamp="23 Jan 2022 18:15:11 GMT" time="8.361" errors="0">
  <testcase name="initializeDriver" time="8.361" classname="Academy.base"/>
</testsuite> <!-- Academy.base -->
